<?xml version="1.0" encoding="UTF-8"?>
<!-- Generated by org.testng.reporters.JUnitXMLReporter -->
<testsuite hostname="NTPC02392" ignored="0" name="Extent Report" tests="3" failures="0" timestamp="15 Jun 2020 09:09:09 GMT" time="135.065" errors="0">
  <testcase name="Login" time="32.123" classname="mecuryToursExecution.ExtendsReports"/>
  <testcase name="Registration" time="36.88" classname="mecuryToursExecution.ExtendsReports"/>
  <testcase name="BookFlight" time="55.612" classname="mecuryToursExecution.ExtendsReports"/>
</testsuite> <!-- Extent Report -->
